[Dec-27-2023 20:24:50]Initializing MC Command Center version: 2023.7.1...
[Dec-27-2023 20:27:07]Initializing Zone Data...
[Dec-27-2023 20:27:09]Darling Walsh has aged-up to Age.YOUNGADULT
[Dec-27-2023 20:32:49]Processing Relationship Break-ups
[Dec-27-2023 20:32:49]No changes to relationships for this relationship check
[Dec-27-2023 20:32:49]Processing Relationship Move-Ins
[Dec-27-2023 20:37:37]Angela Gan has aged-up to Age.ADULT
[Dec-27-2023 20:42:15]Yasemin Tinker has aged-up to Age.ADULT
[Dec-27-2023 20:43:44]Knox Jeong has aged-up to Age.ADULT
[Dec-27-2023 20:44:58]Processing Relationship Break-ups
[Dec-27-2023 20:44:58]The relationship of Rahmi Watson and Thomas Watson has improved by 30
[Dec-27-2023 20:44:58]Processing Relationship Move-Ins
[Dec-27-2023 20:45:30]Venessa Jeong has aged-up to Age.ADULT
[Dec-27-2023 20:48:44]Sara Scott has aged-up to Age.ADULT
[Dec-27-2023 20:55:25]******************************************************
[Dec-27-2023 20:55:25]Running alarms for Sunday (0)
[Dec-27-2023 20:55:25]Glasses were synced for Karter Lewis
[Dec-27-2023 20:55:25]Glasses were synced for Gracelyn Pancakes
[Dec-27-2023 20:55:25]Glasses were synced for Jerry Romeo
[Dec-27-2023 20:55:25]Glasses were synced for Joe Bheeda
[Dec-27-2023 20:55:25]Glasses were synced for Johnathan Murakami
[Dec-27-2023 20:55:25]Glasses were synced for Kenzie Brown
[Dec-27-2023 20:55:25]Glasses were synced for Jacquelyn Sterling
[Dec-27-2023 20:55:25]Glasses were synced for Aria Sterling
[Dec-27-2023 20:55:25]Glasses were synced for Tiffanie Illes
[Dec-27-2023 20:55:25]Glasses were synced for Danica Uha
[Dec-27-2023 20:55:25]Glasses were synced for Faith Tracey
[Dec-27-2023 20:55:25]Glasses were synced for Roman Scott
[Dec-27-2023 20:55:25]Glasses were synced for Kailee Scott
[Dec-27-2023 20:55:25]Glasses were synced for Marcos Laurent
[Dec-27-2023 20:55:25]Glasses were synced for Stevie Okamoto
[Dec-27-2023 20:55:25]Glasses were synced for Kristian Okamoto
[Dec-27-2023 20:55:25]Glasses were synced for Max Luna
[Dec-27-2023 20:55:25]Glasses were synced for Shannon Cho
[Dec-27-2023 20:55:25]Glasses were synced for Jamar Collins
[Dec-27-2023 20:55:25]Glasses were synced for Roxanne Caliente
[Dec-27-2023 20:55:25]Glasses were synced for Kendra Caliente
[Dec-27-2023 20:55:25]Glasses were synced for Akeem Vatore
[Dec-27-2023 20:55:25]Glasses were synced for Finnegan Wheeler
[Dec-27-2023 20:55:25]Glasses were synced for Kiara Yu
[Dec-27-2023 20:55:25]Glasses were synced for Marie Bailey
[Dec-27-2023 20:55:25]Glasses were synced for Yui Kudo
[Dec-27-2023 20:55:26]Glasses were synced for Hinata Imai
[Dec-27-2023 20:55:26]Cleaning items from specified sims, ages and outfits
[Dec-27-2023 20:55:26]27 sims had glasses synced
[Dec-27-2023 20:55:26]Item cleanup complete
[Dec-27-2023 20:55:26]Lara Harris has aged-up to Age.INFANT
[Dec-27-2023 20:57:02]Processing Relationship Break-ups
[Dec-27-2023 20:57:02]Processing Relationship Move-Ins
[Dec-27-2023 20:58:30]The dresser configuration file, C:\users\zaphod\Documents\Electronic Arts\The Sims 4\Mods\mc_dresser.cfg, is not found. (This is normal until changes are made to MC Dresser)
[Dec-27-2023 20:58:30]* Created homeless household, Martinez, containing 1 sim(s) for: filter_CityLife_Weirdo_BathrobeElder
[Dec-27-2023 20:58:55]Rahmi Watson has aged-up to Age.ADULT
[Dec-27-2023 21:01:01]Holly Jaleel has aged-up to Age.ADULT
[Dec-27-2023 21:04:48]Orson Rasoya has aged-up to Age.TEEN
[Dec-27-2023 21:05:03]Tomax Collette has aged-up to Age.ADULT
[Dec-27-2023 21:05:15]Jules Tracey has aged-up to Age.ADULT
[Dec-27-2023 21:05:27]Processing Relationship Break-ups
[Dec-27-2023 21:05:27]No changes to relationships for this relationship check
[Dec-27-2023 21:05:27]Processing Relationship Move-Ins
[Dec-27-2023 21:05:27]Grace Anansi has aged-up to Age.ADULT
[Dec-27-2023 21:06:54]Mele Kahananui had 1 baby with Alika Kahananui.
[Dec-27-2023 21:06:54]Lý Puri had 1 baby with Kevin Puri.
[Dec-27-2023 21:06:54]Gemma Kyleson had 1 baby with Kyle Kyleson.
[Dec-27-2023 21:06:54]Vanesha Li had 1 baby with Tya Li.
[Dec-27-2023 21:06:54]Rory Oaklow had 1 baby with Tsubasa Oaklow.
[Dec-27-2023 21:06:54]Mawar Sopha had 1 baby with Yao Sopha.
[Dec-27-2023 21:06:54]Carla Robles had 1 baby with Nalani Tanaka.
[Dec-27-2023 21:06:54]Kyra Ngo had 1 baby with Cahyono Ngo.
[Dec-27-2023 21:06:54]Luna Price had 1 baby with Sidney Price.
[Dec-27-2023 21:06:54]Alyse Chopra has aged-up to Age.CHILD
[Dec-27-2023 21:06:54]Sasha Munch has aged-up to Age.INFANT
[Dec-27-2023 21:06:54]Kari Bheeda has aged-up to Age.CHILD
[Dec-27-2023 21:06:54]Lillie Volkov has aged-up to Age.INFANT
[Dec-27-2023 21:06:54]Ashley Brown has aged-up to Age.INFANT
[Dec-27-2023 21:06:55]Chana Roswell has aged-up to Age.CHILD
[Dec-27-2023 21:06:55]Brittany Collette has aged-up to Age.CHILD
[Dec-27-2023 21:06:55]Gil Scott has aged-up to Age.CHILD
[Dec-27-2023 21:06:55]Bill Bunsi has aged-up to Age.CHILD
[Dec-27-2023 21:06:55]Vicente Bunsi has aged-up to Age.CHILD
[Dec-27-2023 21:06:55]Jocelyn Li has aged-up to Age.CHILD
[Dec-27-2023 21:06:55]Kareem Li has aged-up to Age.CHILD
[Dec-27-2023 21:06:55]Holly Linh has aged-up to Age.INFANT
[Dec-27-2023 21:06:55]Jax Linh has aged-up to Age.INFANT
[Dec-27-2023 21:06:55]Ruth Cho has aged-up to Age.CHILD
[Dec-27-2023 21:06:55]Dillon Cho has aged-up to Age.INFANT
[Dec-27-2023 21:06:55]Fred Oaklow has aged-up to Age.CHILD
[Dec-27-2023 21:06:55]Dale McDowell has aged-up to Age.CHILD
[Dec-27-2023 21:06:55]Antoinette Anand has aged-up to Age.INFANT
[Dec-27-2023 21:06:55]Lex Wheeler has aged-up to Age.INFANT
[Dec-27-2023 21:06:55]Ivan Watson has aged-up to Age.INFANT
[Dec-27-2023 21:14:47]Removing pet relationship between Alice Lewis and Tulip
[Dec-27-2023 21:14:47]Removing pet relationship between Olivia Kim-Lewis and Tulip
[Dec-27-2023 21:14:47]Removing relationship between Bob Pancakes and Lucha Harjo
[Dec-27-2023 21:14:47]Removing relationship between Bob Pancakes and Hilary Laurent
[Dec-27-2023 21:14:47]Removing relationship between Bob Pancakes and Faye Harris
[Dec-27-2023 21:14:47]Removing relationship between Bob Pancakes and Emilia Silversweater
[Dec-27-2023 21:14:47]Removing relationship between Bob Pancakes and Lilliana Kealoha
[Dec-27-2023 21:14:47]Removing relationship between Bob Pancakes and Mila Munch
[Dec-27-2023 21:14:47]Removing relationship between Bob Pancakes and Mele Kahananui
[Dec-27-2023 21:14:47]Removing relationship between Bob Pancakes and Catarina Lynx
[Dec-27-2023 21:14:47]Removing relationship between Bob Pancakes and Jesminder Bheeda
[Dec-27-2023 21:14:47]Removing relationship between Bob Pancakes and Raj Martin
[Dec-27-2023 21:14:47]Removing relationship between Bob Pancakes and Dina Richards
[Dec-27-2023 21:14:47]Removing relationship between Bob Pancakes and Clara Bjergsen
[Dec-27-2023 21:14:47]Removing relationship between Bob Pancakes and Kalamainu’u Munch
[Dec-27-2023 21:14:47]Removing relationship between Bob Pancakes and Mitchell Kalani
[Dec-27-2023 21:14:47]Removing relationship between Bob Pancakes and Summer Holiday
[Dec-27-2023 21:14:47]Removing relationship between Eliza Pancakes and Duy Hari
[Dec-27-2023 21:14:47]Removing relationship between Eliza Pancakes and Bua Bun Ma
[Dec-27-2023 21:14:47]Removing relationship between Eliza Pancakes and Ignacio Robles
[Dec-27-2023 21:14:47]Removing relationship between Eliza Pancakes and Tsubasa Oaklow
[Dec-27-2023 21:14:47]Removing relationship between Eliza Pancakes and Marissa Tracey
[Dec-27-2023 21:14:47]Removing relationship between Eliza Pancakes and Angela Gan
[Dec-27-2023 21:14:47]Removing relationship between Eliza Pancakes and Knox Jeong
[Dec-27-2023 21:14:47]Removing relationship between Eliza Pancakes and Kiên Holiday
[Dec-27-2023 21:14:47]Removing relationship between Bella Goth and Thi Linh
[Dec-27-2023 21:14:47]Removing relationship between Bella Goth and Liên Sadya
[Dec-27-2023 21:14:47]Removing relationship between Bella Goth and Bjorn Bjergsen
[Dec-27-2023 21:14:47]Removing relationship between Bella Goth and Geoffrey Landgraab
[Dec-27-2023 21:14:47]Removing relationship between Mortimer Goth and Ian Robles
[Dec-27-2023 21:14:47]Removing relationship between Mortimer Goth and Octavia Ito
[Dec-27-2023 21:14:47]Removing relationship between Mortimer Goth and Marcel Price
[Dec-27-2023 21:14:47]Removing relationship between Mortimer Goth and Tomax Collette
[Dec-27-2023 21:14:47]Removing relationship between Mortimer Goth and Lia Munch
[Dec-27-2023 21:14:47]Removing relationship between Mortimer Goth and Salim Benali
[Dec-27-2023 21:14:47]Removing relationship between Mortimer Goth and Gavin Richards
[Dec-27-2023 21:14:47]Removing relationship between Mortimer Goth and Gunther Munch
[Dec-27-2023 21:14:47]Removing relationship between Mortimer Goth and Maaike Haas
[Dec-27-2023 21:14:47]Removing relationship between Liberty Rocca and Santos Holiday
[Dec-27-2023 21:14:47]Removing pet relationship between Liberty Rocca and Kano
[Dec-27-2023 21:14:47]Removing relationship between Liberty Rocca and Summer Holiday
[Dec-27-2023 21:14:47]Removing relationship between Liberty Rocca and Arturo Linh
[Dec-27-2023 21:14:47]Removing pet relationship between Summer Holiday and Kano
[Dec-27-2023 21:14:47]Removing relationship between Summer Holiday and Paolo Rocca
[Dec-27-2023 21:14:47]Removing relationship between Summer Holiday and Lucha Harjo
[Dec-27-2023 21:14:47]Removing relationship between Summer Holiday and Hilary Laurent
[Dec-27-2023 21:14:47]Removing relationship between Summer Holiday and Faye Harris
[Dec-27-2023 21:14:47]Removing relationship between Summer Holiday and Emilia Silversweater
[Dec-27-2023 21:14:47]Removing relationship between Summer Holiday and Lilliana Kealoha
[Dec-27-2023 21:14:47]Removing relationship between Summer Holiday and Mila Munch
[Dec-27-2023 21:14:47]Removing relationship between Summer Holiday and Mele Kahananui
[Dec-27-2023 21:14:47]Removing relationship between Summer Holiday and Catarina Lynx
[Dec-27-2023 21:14:47]Removing relationship between Summer Holiday and Jesminder Bheeda
[Dec-27-2023 21:14:47]Removing relationship between Summer Holiday and Raj Martin
[Dec-27-2023 21:14:47]Removing relationship between Summer Holiday and Dina Richards
[Dec-27-2023 21:14:47]Removing relationship between Summer Holiday and Clara Bjergsen
[Dec-27-2023 21:14:47]Removing relationship between Summer Holiday and Kalamainu’u Munch
[Dec-27-2023 21:14:47]Removing relationship between Summer Holiday and Mitchell Kalani
[Dec-27-2023 21:14:47]Removing relationship between Paolo Rocca and Santos Holiday
[Dec-27-2023 21:14:47]Removing pet relationship between Paolo Rocca and Kano
[Dec-27-2023 21:14:47]Removing relationship between Paolo Rocca and Tom Peeping
[Dec-27-2023 21:14:47]Removing relationship between Paolo Rocca and Kayla Charm
[Dec-27-2023 21:14:47]Removing relationship between Paolo Rocca and Xochitl Luna
[Dec-27-2023 21:14:47]Removing relationship between Paolo Rocca and Oliana Illes
[Dec-27-2023 21:14:47]Removing relationship between Paolo Rocca and Brant Hecking
[Dec-27-2023 21:14:47]Removing relationship between Johnny Zest and Alyse Chopra
[Dec-27-2023 21:14:47]Removing relationship between Johnny Zest and Peyton Schafer
[Dec-27-2023 21:14:47]Removing relationship between Johnny Zest and Thorne Bailey
[Dec-27-2023 21:14:47]Removing relationship between Johnny Zest and Mateo Markovic
[Dec-27-2023 21:14:47]Removing relationship between Johnny Zest and Brytani Cho
[Dec-27-2023 21:14:47]Removing relationship between Johnny Zest and Lucia Scott
[Dec-27-2023 21:14:47]Removing relationship between Johnny Zest and Joaquin Pizzazz
[Dec-27-2023 21:14:47]Removing relationship between Johnny Zest and Baako Jang
[Dec-27-2023 21:14:47]Removing relationship between Johnny Zest and Katrina Flex
[Dec-27-2023 21:14:47]Removing relationship between Johnny Zest and Candy Yamashita
[Dec-27-2023 21:14:47]Removing relationship between Johnny Zest and Dominic Fyres
[Dec-27-2023 21:14:47]Removing relationship between Geoffrey Landgraab and Siobhan Landgraab
[Dec-27-2023 21:14:47]Removing relationship between Geoffrey Landgraab and Thi Linh
[Dec-27-2023 21:14:47]Removing relationship between Geoffrey Landgraab and Liên Sadya
[Dec-27-2023 21:14:47]Removing relationship between Geoffrey Landgraab and Bjorn Bjergsen
[Dec-27-2023 21:14:47]Removing pet relationship between Nancy Landgraab and Pepper
[Dec-27-2023 21:14:47]Removing relationship between Nancy Landgraab and Siobhan Landgraab
[Dec-27-2023 21:14:47]Removing pet relationship between Malcolm Landgraab and Pepper
[Dec-27-2023 21:14:47]Removing pet relationship between Lydia Landgraab and Pepper
[Dec-27-2023 21:14:47]Removing relationship between Lydia Landgraab and Siobhan Landgraab
[Dec-27-2023 21:14:47]Removing pet relationship between Alonso Landgraab and Pepper
[Dec-27-2023 21:14:47]Removing relationship between Alonso Landgraab and Siobhan Landgraab
[Dec-27-2023 21:14:47]Removing relationship between Alonso Landgraab and Kristopher Volkov
[Dec-27-2023 21:14:47]Removing pet relationship between Siobhan Landgraab and Pepper
[Dec-27-2023 21:14:47]Removing relationship between Siobhan Landgraab and Bernice Talla
[Dec-27-2023 21:14:47]Removing relationship between Siobhan Landgraab and Janae Price
[Dec-27-2023 21:14:47]Removing relationship between Siobhan Landgraab and Megumi Ito
[Dec-27-2023 21:14:47]Removing relationship between Siobhan Landgraab and Naoki Ito
[Dec-27-2023 21:14:47]Removing relationship between Siobhan Landgraab and Darrel Nguyên
[Dec-27-2023 21:14:47]Removing relationship between Siobhan Landgraab and Alika Kahananui
[Dec-27-2023 21:14:47]Removing relationship between Siobhan Landgraab and Dustin Brown
[Dec-27-2023 21:14:47]Removing relationship between Siobhan Landgraab and Justin Delgato
[Dec-27-2023 21:14:47]Removing relationship between Siobhan Landgraab and Lily Feng
[Dec-27-2023 21:14:47]Removing relationship between Siobhan Landgraab and Jade Rosa
[Dec-27-2023 21:14:47]Removing pet relationship between J Huntington III and Tulip
[Dec-27-2023 21:14:47]Removing relationship between J Huntington III and Grace Anansi
[Dec-27-2023 21:14:47]Removing relationship between J Huntington III and 
[Dec-27-2023 21:14:47]Removing relationship between J Huntington III and Kasem Bun Ma
[Dec-27-2023 21:14:47]Removing relationship between J Huntington III and Christopher Michaelson
[Dec-27-2023 21:14:47]Removing relationship between J Huntington III and Celeste Michaelson
[Dec-27-2023 21:14:47]Removing relationship between J Huntington III and Dirk Lynx
[Dec-27-2023 21:14:47]Removing relationship between J Huntington III and Akira Murakami
[Dec-27-2023 21:14:47]Removing relationship between Eva Huntington III and Umber Grove
[Dec-27-2023 21:14:47]Removing relationship between Eva Huntington III and Sergio Gillespie
[Dec-27-2023 21:14:47]Removing relationship between Don Bhamra and Irman Linh
[Dec-27-2023 21:14:47]Removing relationship between Don Bhamra and Makoa Kealoha
[Dec-27-2023 21:14:47]Removing relationship between Serena Bhamra and Lana McKinnon
[Dec-27-2023 21:14:47]Removing relationship between Maaike Haas and Becca Clarke
[Dec-27-2023 21:14:47]Removing relationship between Maaike Haas and Aurelio Robles
[Dec-27-2023 21:14:47]Removing relationship between Maaike Haas and Corinne Kalani
[Dec-27-2023 21:14:47]Removing relationship between Maaike Haas and Lacie Kalani
[Dec-27-2023 21:14:47]Removing relationship between Maaike Haas and Ulrike Kalani
[Dec-27-2023 21:14:47]Removing relationship between Maaike Haas and Wolfgang Wilder
[Dec-27-2023 21:14:47]Removing relationship between Maaike Haas and Ian Robles
[Dec-27-2023 21:14:47]Removing relationship between Maaike Haas and Octavia Ito
[Dec-27-2023 21:14:47]Removing relationship between Maaike Haas and Marcel Price
[Dec-27-2023 21:14:47]Removing relationship between Maaike Haas and Tomax Collette
[Dec-27-2023 21:14:47]Removing relationship between Maaike Haas and Lia Munch
[Dec-27-2023 21:14:47]Removing relationship between Maaike Haas and Salim Benali
[Dec-27-2023 21:14:47]Removing relationship between Maaike Haas and Gunther Munch
[Dec-27-2023 21:14:47]Removing relationship between Ulrike Kalani and Mike Haas
[Dec-27-2023 21:14:47]Removing relationship between Ulrike Kalani and Abi Haas
[Dec-27-2023 21:14:47]Removing relationship between Ulrike Kalani and Leila Illes
[Dec-27-2023 21:14:47]Removing relationship between Ulrike Kalani and Holly Jaleel
[Dec-27-2023 21:14:47]Removing relationship between Ulrike Kalani and Brent Hecking
[Dec-27-2023 21:14:47]Removing relationship between Ulrike Kalani and Anaya Jang
[Dec-27-2023 21:14:47]Removing relationship between Mitchell Kalani and Mike Haas
[Dec-27-2023 21:14:47]Removing relationship between Mitchell Kalani and Abi Haas
[Dec-27-2023 21:14:47]Removing relationship between Mitchell Kalani and Maaike Haas
[Dec-27-2023 21:14:47]Removing relationship between Mitchell Kalani and Lucha Harjo
[Dec-27-2023 21:14:47]Removing relationship between Mitchell Kalani and Hilary Laurent
[Dec-27-2023 21:14:47]Removing relationship between Mitchell Kalani and Faye Harris
[Dec-27-2023 21:14:47]Removing relationship between Mitchell Kalani and Emilia Silversweater
[Dec-27-2023 21:14:47]Removing relationship between Mitchell Kalani and Lilliana Kealoha
[Dec-27-2023 21:14:47]Removing relationship between Mitchell Kalani and Mila Munch
[Dec-27-2023 21:14:47]Removing relationship between Mitchell Kalani and Mele Kahananui
[Dec-27-2023 21:14:47]Removing relationship between Mitchell Kalani and Catarina Lynx
[Dec-27-2023 21:14:47]Removing relationship between Mitchell Kalani and Jesminder Bheeda
[Dec-27-2023 21:14:47]Removing relationship between Mitchell Kalani and Dina Richards
[Dec-27-2023 21:14:47]Removing relationship between Mitchell Kalani and Clara Bjergsen
[Dec-27-2023 21:14:47]Removing relationship between Mitchell Kalani and Kalamainu’u Munch
[Dec-27-2023 21:14:47]Removing relationship between Abi Haas and Corinne Kalani
[Dec-27-2023 21:14:47]Removing relationship between Abi Haas and Lacie Kalani
[Dec-27-2023 21:14:47]Removing relationship between Lacie Kalani and Mike Haas
[Dec-27-2023 21:14:47]Removing relationship between Mike Haas and Corinne Kalani
[Dec-27-2023 21:14:47]Removing relationship between Dominic Fyres and Thorne Bailey
[Dec-27-2023 21:14:47]Removing relationship between Dominic Fyres and Mateo Markovic
[Dec-27-2023 21:14:47]Removing relationship between Dominic Fyres and Brytani Cho
[Dec-27-2023 21:14:47]Removing relationship between Dominic Fyres and Lucia Scott
[Dec-27-2023 21:14:47]Removing relationship between Dominic Fyres and Joaquin Pizzazz
[Dec-27-2023 21:14:47]Removing relationship between Dominic Fyres and Baako Jang
[Dec-27-2023 21:14:47]Removing relationship between Dominic Fyres and Candy Yamashita
[Dec-27-2023 21:14:47]Removing relationship between Kalamainu’u Munch and Lucha Harjo
[Dec-27-2023 21:14:47]Removing relationship between Kalamainu’u Munch and Hilary Laurent
[Dec-27-2023 21:14:47]Removing relationship between Kalamainu’u Munch and Faye Harris
[Dec-27-2023 21:14:47]Removing relationship between Kalamainu’u Munch and Emilia Silversweater
[Dec-27-2023 21:14:47]Removing relationship between Bjorn Bjergsen and Thi Linh
[Dec-27-2023 21:14:47]Removing relationship between Bjorn Bjergsen and Liên Sadya
[Dec-27-2023 21:14:47]Removing relationship between Clara Bjergsen and Hilary Laurent
[Dec-27-2023 21:14:47]Removing relationship between Clara Bjergsen and Faye Harris
[Dec-27-2023 21:14:47]Removing relationship between Clara Bjergsen and Emilia Silversweater
[Dec-27-2023 21:14:47]Removing relationship between Clara Bjergsen and Lilliana Kealoha
[Dec-27-2023 21:14:47]Removing relationship between Clara Bjergsen and Mele Kahananui
[Dec-27-2023 21:14:47]Removing relationship between Clara Bjergsen and Catarina Lynx
[Dec-27-2023 21:14:47]Removing relationship between Clara Bjergsen and Jesminder Bheeda
[Dec-27-2023 21:14:47]Removing relationship between Clara Bjergsen and Raj Martin
[Dec-27-2023 21:14:47]Removing relationship between Clara Bjergsen and Kalamainu’u Munch
[Dec-27-2023 21:14:47]Removing pet relationship between Sergio Romeo and Doodle
[Dec-27-2023 21:14:47]Removing pet relationship between Lilith Romeo and Doodle
[Dec-27-2023 21:14:47]Removing relationship between Candy Yamashita and Thorne Bailey
[Dec-27-2023 21:14:47]Removing relationship between Candy Yamashita and Mateo Markovic
[Dec-27-2023 21:14:47]Removing relationship between Candy Yamashita and Brytani Cho
[Dec-27-2023 21:14:47]Removing relationship between Candy Yamashita and Lucia Scott
[Dec-27-2023 21:14:47]Removing relationship between Candy Yamashita and Baako Jang
[Dec-27-2023 21:14:47]Removing relationship between Gavin Richards and Kazuya Yamashita
[Dec-27-2023 21:14:47]Removing relationship between Gavin Richards and Ian Robles
[Dec-27-2023 21:14:47]Removing relationship between Gavin Richards and Octavia Ito
[Dec-27-2023 21:14:47]Removing relationship between Gavin Richards and Marcel Price
[Dec-27-2023 21:14:47]Removing relationship between Gavin Richards and Tomax Collette
[Dec-27-2023 21:14:47]Removing relationship between Gavin Richards and Lia Munch
[Dec-27-2023 21:14:47]Removing relationship between Gavin Richards and Salim Benali
[Dec-27-2023 21:14:47]Removing relationship between Gavin Richards and Gunther Munch
[Dec-27-2023 21:14:47]Removing relationship between Gavin Richards and Maaike Haas
[Dec-27-2023 21:14:47]Removing relationship between Dina Richards and Kazuya Yamashita
[Dec-27-2023 21:14:47]Removing relationship between Dina Richards and Candy Yamashita
[Dec-27-2023 21:14:47]Removing relationship between Dina Richards and Lucha Harjo
[Dec-27-2023 21:14:47]Removing relationship between Dina Richards and Hilary Laurent
[Dec-27-2023 21:14:47]Removing relationship between Dina Richards and Faye Harris
[Dec-27-2023 21:14:47]Removing relationship between Dina Richards and Emilia Silversweater
[Dec-27-2023 21:14:47]Removing relationship between Dina Richards and Lilliana Kealoha
[Dec-27-2023 21:14:47]Removing relationship between Dina Richards and Mila Munch
[Dec-27-2023 21:14:47]Removing relationship between Dina Richards and Mele Kahananui
[Dec-27-2023 21:14:47]Removing relationship between Dina Richards and Catarina Lynx
[Dec-27-2023 21:14:47]Removing relationship between Dina Richards and Jesminder Bheeda
[Dec-27-2023 21:14:47]Removing relationship between Dina Richards and Raj Martin
[Dec-27-2023 21:14:47]Removing relationship between Dina Richards and Clara Bjergsen
[Dec-27-2023 21:14:47]Removing relationship between Dina Richards and Kalamainu’u Munch
[Dec-27-2023 21:14:47]Removing relationship between Kazuya Yamashita and Youssef Cho
[Dec-27-2023 21:14:47]Removing relationship between Kazuya Yamashita and Miho Murakami
[Dec-27-2023 21:14:47]Removing relationship between Casey Richards and Layton Yamashita
[Dec-27-2023 21:14:47]Removing relationship between Casey Richards and Evelyn Yamashita
[Dec-27-2023 21:14:47]Removing relationship between Casey Richards and Kazuya Yamashita
[Dec-27-2023 21:14:47]Removing relationship between Casey Richards and Gavin Richards
[Dec-27-2023 21:14:47]Removing relationship between Casey Richards and Candy Yamashita
[Dec-27-2023 21:14:47]Removing relationship between Evelyn Yamashita and Kazuya Yamashita
[Dec-27-2023 21:14:47]Removing relationship between Evelyn Yamashita and Dina Richards
[Dec-27-2023 21:14:47]Removing relationship between Layton Yamashita and Kazuya Yamashita
[Dec-27-2023 21:14:47]Removing relationship between Layton Yamashita and Dina Richards
[Dec-27-2023 21:14:47]Removing pet relationship between Jade Rosa and Sprinkles
[Dec-27-2023 21:14:47]Removing relationship between Jade Rosa and Marcus Flex
[Dec-27-2023 21:14:47]Removing relationship between Jade Rosa and Bernice Talla
[Dec-27-2023 21:14:47]Removing relationship between Jade Rosa and Janae Price
[Dec-27-2023 21:14:47]Removing relationship between Jade Rosa and Megumi Ito
[Dec-27-2023 21:14:47]Removing relationship between Jade Rosa and Naoki Ito
[Dec-27-2023 21:14:47]Removing relationship between Jade Rosa and Darrel Nguyên
[Dec-27-2023 21:14:47]Removing relationship between Jade Rosa and Alika Kahananui
[Dec-27-2023 21:14:47]Removing relationship between Jade Rosa and Dustin Brown
[Dec-27-2023 21:14:47]Removing relationship between Jade Rosa and Justin Delgato
[Dec-27-2023 21:14:47]Removing relationship between Jade Rosa and Lily Feng
[Dec-27-2023 21:14:47]Removing pet relationship between Marcus Flex and Sprinkles
[Dec-27-2023 21:14:47]Removing relationship between Marcus Flex and Gabriela Rosa
[Dec-27-2023 21:14:47]Removing relationship between Marcus Flex and Celene Rosa
[Dec-27-2023 21:14:47]Removing pet relationship between Katrina Flex and Sprinkles
[Dec-27-2023 21:14:47]Removing relationship between Katrina Flex and Gabriela Rosa
[Dec-27-2023 21:14:47]Removing relationship between Katrina Flex and Celene Rosa
[Dec-27-2023 21:14:47]Removing relationship between Katrina Flex and Jade Rosa
[Dec-27-2023 21:14:47]Removing relationship between Katrina Flex and Thorne Bailey
[Dec-27-2023 21:14:47]Removing relationship between Katrina Flex and Mateo Markovic
[Dec-27-2023 21:14:47]Removing relationship between Katrina Flex and Brytani Cho
[Dec-27-2023 21:14:47]Removing relationship between Katrina Flex and Lucia Scott
[Dec-27-2023 21:14:47]Removing relationship between Katrina Flex and Joaquin Pizzazz
[Dec-27-2023 21:14:47]Removing relationship between Katrina Flex and Baako Jang
[Dec-27-2023 21:14:47]Removing relationship between Katrina Flex and Candy Yamashita
[Dec-27-2023 21:14:47]Removing relationship between Katrina Flex and Dominic Fyres
[Dec-27-2023 21:14:47]Removing pet relationship between Celene Rosa and Sprinkles
[Dec-27-2023 21:14:47]Removing pet relationship between Alexandria Flex and Sprinkles
[Dec-27-2023 21:14:47]Removing relationship between Alexandria Flex and Gabriela Rosa
[Dec-27-2023 21:14:47]Removing relationship between Alexandria Flex and Celene Rosa
[Dec-27-2023 21:14:47]Removing relationship between Alexandria Flex and Jade Rosa
[Dec-27-2023 21:14:47]Removing pet relationship between Gabriela Rosa and Sprinkles
[Dec-27-2023 21:14:47]Removing relationship between Raj Martin and Lucha Harjo
[Dec-27-2023 21:14:47]Removing relationship between Raj Martin and Hilary Laurent
[Dec-27-2023 21:14:47]Removing relationship between Raj Martin and Faye Harris
[Dec-27-2023 21:14:47]Removing relationship between Raj Martin and Emilia Silversweater
[Dec-27-2023 21:14:47]Removing relationship between Raj Martin and Lilliana Kealoha
[Dec-27-2023 21:14:47]Removing relationship between Raj Martin and Mele Kahananui
[Dec-27-2023 21:14:47]Removing relationship between Raj Martin and Catarina Lynx
[Dec-27-2023 21:14:47]Removing relationship between Raj Martin and Jesminder Bheeda
[Dec-27-2023 21:14:47]Removing relationship between Raj Martin and Kalamainu’u Munch
[Dec-27-2023 21:14:47]Removing relationship between Alice Martin and Wolfgang Wilder
[Dec-27-2023 21:14:47]Removing relationship between Jesminder Bheeda and Lucha Harjo
[Dec-27-2023 21:14:47]Removing relationship between Jesminder Bheeda and Hilary Laurent
[Dec-27-2023 21:14:47]Removing relationship between Jesminder Bheeda and Faye Harris
[Dec-27-2023 21:14:47]Removing relationship between Jesminder Bheeda and Emilia Silversweater
[Dec-27-2023 21:14:47]Removing relationship between Jesminder Bheeda and Lilliana Kealoha
[Dec-27-2023 21:14:47]Removing relationship between Jesminder Bheeda and Mele Kahananui
[Dec-27-2023 21:14:47]Removing relationship between Jesminder Bheeda and Catarina Lynx
[Dec-27-2023 21:14:47]Removing relationship between Jesminder Bheeda and Kalamainu’u Munch
[Dec-27-2023 21:14:47]Removing relationship between Lily Feng and Bernice Talla
[Dec-27-2023 21:14:47]Removing relationship between Lily Feng and Janae Price
[Dec-27-2023 21:14:47]Removing relationship between Lily Feng and Megumi Ito
[Dec-27-2023 21:14:47]Removing relationship between Lily Feng and Naoki Ito
[Dec-27-2023 21:14:47]Removing relationship between Lily Feng and Darrel Nguyên
[Dec-27-2023 21:14:47]Removing relationship between Lily Feng and Alika Kahananui
[Dec-27-2023 21:14:47]Removing relationship between Lily Feng and Dustin Brown
[Dec-27-2023 21:14:47]Removing relationship between Lily Feng and Justin Delgato
[Dec-27-2023 21:14:47]Removing relationship between Victor Feng and Miko Ojo
[Dec-27-2023 21:14:47]Removing relationship between Diego Lobo and Kiera Nguyên
[Dec-27-2023 21:14:47]Removing relationship between Akira Murakami and Kim Ojo
[Dec-27-2023 21:14:47]Removing relationship between Akira Murakami and Darling Walsh
[Dec-27-2023 21:14:47]Removing relationship between Akira Murakami and Miko Ojo
[Dec-27-2023 21:14:47]Removing relationship between Akira Murakami and Grace Anansi
[Dec-27-2023 21:14:47]Removing relationship between Akira Murakami and 
[Dec-27-2023 21:14:47]Removing relationship between Akira Murakami and Kasem Bun Ma
[Dec-27-2023 21:14:47]Removing relationship between Akira Murakami and Christopher Michaelson
[Dec-27-2023 21:14:47]Removing relationship between Akira Murakami and Celeste Michaelson
[Dec-27-2023 21:14:47]Removing relationship between Akira Murakami and Dirk Lynx
[Dec-27-2023 21:14:47]Removing relationship between Miko Ojo and Miho Murakami
[Dec-27-2023 21:14:47]Removing relationship between Miko Ojo and Darling Walsh
[Dec-27-2023 21:14:47]Removing relationship between Miko Ojo and Johnathan Murakami
[Dec-27-2023 21:14:47]Removing relationship between Darling Walsh and Kim Ojo
[Dec-27-2023 21:14:47]Removing relationship between Darling Walsh and Miho Murakami
[Dec-27-2023 21:14:47]Removing relationship between Darling Walsh and Johnathan Murakami
[Dec-27-2023 21:14:47]Removing relationship between Miho Murakami and Youssef Cho
[Dec-27-2023 21:14:47]Removing relationship between Miho Murakami and Tya Li
[Dec-27-2023 21:14:47]Removing relationship between Kim Ojo and Miho Murakami
[Dec-27-2023 21:14:47]Removing relationship between Kim Ojo and Johnathan Murakami
[Dec-27-2023 21:14:47]Removing relationship between Alma Ojo and Ashton Murakami
[Dec-27-2023 21:14:47]Removing relationship between Alma Ojo and Miho Murakami
[Dec-27-2023 21:14:47]Removing relationship between Alma Ojo and Darling Walsh
[Dec-27-2023 21:14:47]Removing relationship between Alma Ojo and Akira Murakami
[Dec-27-2023 21:14:47]Removing relationship between Alma Ojo and Johnathan Murakami
[Dec-27-2023 21:14:47]Removing relationship between Ashton Murakami and Kim Ojo
[Dec-27-2023 21:14:47]Removing relationship between Ashton Murakami and Darling Walsh
[Dec-27-2023 21:14:47]Removing relationship between Ashton Murakami and Miko Ojo
[Dec-27-2023 21:14:47]Removing relationship between Anaya Jang and Leila Illes
[Dec-27-2023 21:14:47]Removing relationship between Anaya Jang and Holly Jaleel
[Dec-27-2023 21:14:47]Removing relationship between Anaya Jang and Brent Hecking
[Dec-27-2023 21:14:47]Removing relationship between Baako Jang and Thorne Bailey
[Dec-27-2023 21:14:47]Removing relationship between Baako Jang and Mateo Markovic
[Dec-27-2023 21:14:47]Removing relationship between Baako Jang and Brytani Cho
[Dec-27-2023 21:14:47]Removing relationship between Baako Jang and Lucia Scott
[Dec-27-2023 21:14:47]Removing relationship between Salim Benali and Ian Robles
[Dec-27-2023 21:14:47]Removing relationship between Salim Benali and Octavia Ito
[Dec-27-2023 21:14:47]Removing relationship between Salim Benali and Marcel Price
[Dec-27-2023 21:14:47]Removing relationship between Salim Benali and Tomax Collette
[Dec-27-2023 21:14:47]Removing relationship between Salim Benali and Lia Munch
[Dec-27-2023 21:14:47]Removing pet relationship between Supriya Delgato and Gunner
[Dec-27-2023 21:14:47]Removing pet relationship between Justin Delgato and Gunner
[Dec-27-2023 21:14:47]Removing relationship between Justin Delgato and Bernice Talla
[Dec-27-2023 21:14:47]Removing relationship between Justin Delgato and Janae Price
[Dec-27-2023 21:14:47]Removing relationship between Justin Delgato and Megumi Ito
[Dec-27-2023 21:14:47]Removing relationship between Justin Delgato and Naoki Ito
[Dec-27-2023 21:14:47]Removing relationship between Justin Delgato and Darrel Nguyên
[Dec-27-2023 21:14:47]Removing relationship between Justin Delgato and Alika Kahananui
[Dec-27-2023 21:14:47]Removing relationship between Justin Delgato and Dustin Brown
[Dec-27-2023 21:14:47]Removing pet relationship between Evie Delgato and Gunner
[Dec-27-2023 21:14:47]Removing pet relationship between Pierce Delgato and Gunner
[Dec-27-2023 21:14:47]Removing pet relationship between Brant Hecking and Stripe
[Dec-27-2023 21:14:47]Removing relationship between Brant Hecking and Tom Peeping
[Dec-27-2023 21:14:47]Removing relationship between Brant Hecking and Kayla Charm
[Dec-27-2023 21:14:47]Removing relationship between Brant Hecking and Oliana Illes
[Dec-27-2023 21:14:47]Removing pet relationship between Brent Hecking and Stripe
[Dec-27-2023 21:14:47]Removing relationship between Brent Hecking and Leila Illes
[Dec-27-2023 21:14:47]Removing relationship between Brent Hecking and Holly Jaleel
[Dec-27-2023 21:14:47]Removing relationship between Venessa Jeong and Judith Volkov
[Dec-27-2023 21:14:47]Removing relationship between Knox Jeong and Duy Hari
[Dec-27-2023 21:14:47]Removing relationship between Knox Jeong and Bua Bun Ma
[Dec-27-2023 21:14:47]Removing relationship between Knox Jeong and Ignacio Robles
[Dec-27-2023 21:14:47]Removing relationship between Knox Jeong and Tsubasa Oaklow
[Dec-27-2023 21:14:47]Removing relationship between Knox Jeong and Marissa Tracey
[Dec-27-2023 21:14:47]Removing relationship between Knox Jeong and Kiên Holiday
[Dec-27-2023 21:14:47]Removing relationship between Kristopher Volkov and Alon Sadya
[Dec-27-2023 21:14:47]Removing relationship between Dirk Lynx and Grace Anansi
[Dec-27-2023 21:14:47]Removing relationship between Dirk Lynx and 
[Dec-27-2023 21:14:47]Removing relationship between Dirk Lynx and Kasem Bun Ma
[Dec-27-2023 21:14:47]Removing relationship between Dirk Lynx and Christopher Michaelson
[Dec-27-2023 21:14:47]Removing relationship between Dirk Lynx and Celeste Michaelson
[Dec-27-2023 21:14:47]Removing relationship between Catarina Lynx and Lucha Harjo
[Dec-27-2023 21:14:47]Removing relationship between Catarina Lynx and Hilary Laurent
[Dec-27-2023 21:14:47]Removing relationship between Catarina Lynx and Faye Harris
[Dec-27-2023 21:14:47]Removing relationship between Catarina Lynx and Emilia Silversweater
[Dec-27-2023 21:14:47]Removing relationship between Catarina Lynx and Lilliana Kealoha
[Dec-27-2023 21:14:47]Removing relationship between Catarina Lynx and Mele Kahananui
[Dec-27-2023 21:14:47]Removing relationship between Catarina Lynx and Kalamainu’u Munch
[Dec-27-2023 21:14:47]Removing relationship between Dustin Brown and Yui Kudo
[Dec-27-2023 21:14:47]Removing relationship between Dustin Brown and Ulan Lê
[Dec-27-2023 21:14:47]Removing relationship between Dustin Brown and Kenzie Brown
[Dec-27-2023 21:14:47]Removing relationship between Dustin Brown and Bernice Talla
[Dec-27-2023 21:14:47]Removing relationship between Dustin Brown and Janae Price
[Dec-27-2023 21:14:47]Removing relationship between Dustin Brown and Megumi Ito
[Dec-27-2023 21:14:47]Removing relationship between Dustin Brown and Naoki Ito
[Dec-27-2023 21:14:47]Removing relationship between Dustin Brown and Darrel Nguyên
[Dec-27-2023 21:14:47]Removing relationship between Dustin Brown and Alika Kahananui
[Dec-27-2023 21:14:47]Removing relationship between Swan Brown and Ánh Spencer
[Dec-27-2023 21:14:47]Removing relationship between Swan Brown and Alab Yu
[Dec-27-2023 21:14:47]Removing relationship between Swan Brown and Lan Markovic
[Dec-27-2023 21:14:47]Removing relationship between Swan Brown and Jejomar Bunsi
[Dec-27-2023 21:14:47]Removing relationship between Holly Jaleel and Leila Illes
[Dec-27-2023 21:14:47]Removing relationship between Izzy Fabulous and Doli Ruano
[Dec-27-2023 21:14:47]Removing relationship between Izzy Fabulous and Maki Okamoto
[Dec-27-2023 21:14:47]Removing relationship between Izzy Fabulous and Rahmi Watson
[Dec-27-2023 21:14:47]Removing relationship between Izzy Fabulous and Jules Tracey
[Dec-27-2023 21:14:47]Removing relationship between Jacquelyn Sterling and Gardo Sterling
[Dec-27-2023 21:14:47]Removing relationship between Aria Sterling and Gardo Sterling
[Dec-27-2023 21:14:47]Removing relationship between Mark Prescott and Amy Prescott
[Dec-27-2023 21:14:47]Removing pet relationship between Ted Roswell and Cat
[Dec-27-2023 21:14:47]Removing pet relationship between Meredith Roswell and Cat
[Dec-27-2023 21:14:47]Removing relationship between Oliana Illes and Tom Peeping
[Dec-27-2023 21:14:47]Removing relationship between Oliana Illes and Xochitl Luna
[Dec-27-2023 21:14:47]Removing relationship between Alika Kahananui and Bernice Talla
[Dec-27-2023 21:14:47]Removing relationship between Alika Kahananui and Janae Price
[Dec-27-2023 21:14:47]Removing relationship between Alika Kahananui and Megumi Ito
[Dec-27-2023 21:14:47]Removing relationship between Alika Kahananui and Naoki Ito
[Dec-27-2023 21:14:47]Removing relationship between Alika Kahananui and Darrel Nguyên
[Dec-27-2023 21:14:47]Removing relationship between Mele Kahananui and Lucha Harjo
[Dec-27-2023 21:14:47]Removing relationship between Mele Kahananui and Hilary Laurent
[Dec-27-2023 21:14:47]Removing relationship between Mele Kahananui and Faye Harris
[Dec-27-2023 21:14:47]Removing relationship between Mele Kahananui and Emilia Silversweater
[Dec-27-2023 21:14:47]Removing relationship between Mele Kahananui and Lilliana Kealoha
[Dec-27-2023 21:14:47]Removing relationship between Mele Kahananui and Kalamainu’u Munch
[Dec-27-2023 21:14:47]Removing relationship between Lia Munch and Zhafira Cahyaputri
[Dec-27-2023 21:14:47]Removing relationship between Lia Munch and Ian Robles
[Dec-27-2023 21:14:47]Removing relationship between Lia Munch and Marcel Price
[Dec-27-2023 21:14:47]Removing relationship between Lia Munch and Tomax Collette
[Dec-27-2023 21:14:47]Removing relationship between Wolfgang Cahyaputri and Lia Munch
[Dec-27-2023 21:14:47]Removing relationship between Lucas Munch and Zhafira Cahyaputri
[Dec-27-2023 21:14:47]Removing relationship between Lucas Munch and Lia Munch
[Dec-27-2023 21:14:47]Removing relationship between Mila Munch and Zhafira Cahyaputri
[Dec-27-2023 21:14:47]Removing relationship between Mila Munch and Lucha Harjo
[Dec-27-2023 21:14:47]Removing relationship between Mila Munch and Hilary Laurent
[Dec-27-2023 21:14:47]Removing relationship between Mila Munch and Faye Harris
[Dec-27-2023 21:14:47]Removing relationship between Mila Munch and Emilia Silversweater
[Dec-27-2023 21:14:47]Removing relationship between Mila Munch and Lilliana Kealoha
[Dec-27-2023 21:14:47]Removing relationship between Mila Munch and Mele Kahananui
[Dec-27-2023 21:14:47]Removing relationship between Mila Munch and Catarina Lynx
[Dec-27-2023 21:14:47]Removing relationship between Mila Munch and Jesminder Bheeda
[Dec-27-2023 21:14:47]Removing relationship between Mila Munch and Raj Martin
[Dec-27-2023 21:14:47]Removing relationship between Mila Munch and Clara Bjergsen
[Dec-27-2023 21:14:47]Removing relationship between Mila Munch and Kalamainu’u Munch
[Dec-27-2023 21:14:47]Removing relationship between Zhafira Cahyaputri and Lucian Munch
[Dec-27-2023 21:14:47]Removing relationship between Zhafira Cahyaputri and Byron Munch
[Dec-27-2023 21:14:47]Removing relationship between Makoa Kealoha and Irman Linh
[Dec-27-2023 21:14:47]Removing relationship between Lilliana Kealoha and Lucha Harjo
[Dec-27-2023 21:14:47]Removing relationship between Lilliana Kealoha and Hilary Laurent
[Dec-27-2023 21:14:47]Removing relationship between Lilliana Kealoha and Faye Harris
[Dec-27-2023 21:14:47]Removing relationship between Lilliana Kealoha and Emilia Silversweater
[Dec-27-2023 21:14:47]Removing relationship between Lilliana Kealoha and Kalamainu’u Munch
[Dec-27-2023 21:14:47]Removing relationship between Kinley Faba and Ukupanipo Faba
[Dec-27-2023 21:14:47]Removing relationship between Kent Faba and Ukupanipo Faba
[Dec-27-2023 21:14:47]Removing relationship between Becca Clarke and Kiyoshi Ito
[Dec-27-2023 21:14:47]Removing relationship between Becca Clarke and Wolfgang Wilder
[Dec-27-2023 21:14:47]Removing relationship between Becca Clarke and Hinata Imai
[Dec-27-2023 21:14:47]Removing relationship between Becca Clarke and Yui Kudo
[Dec-27-2023 21:14:47]Removing relationship between Becca Clarke and Kazuki Ueda
[Dec-27-2023 21:14:47]Removing relationship between Angela Gan and Duy Hari
[Dec-27-2023 21:14:47]Removing relationship between Angela Gan and Squirrel Torres
[Dec-27-2023 21:14:47]Removing relationship between Angela Gan and Bua Bun Ma
[Dec-27-2023 21:14:47]Removing relationship between Angela Gan and Ignacio Robles
[Dec-27-2023 21:14:47]Removing relationship between Angela Gan and Tsubasa Oaklow
[Dec-27-2023 21:14:47]Removing relationship between Angela Gan and Marissa Tracey
[Dec-27-2023 21:14:47]Removing relationship between Angela Gan and Knox Jeong
[Dec-27-2023 21:14:47]Removing relationship between Angela Gan and Kiên Holiday
[Dec-27-2023 21:14:47]Removing relationship between Cameron Fletcher and Yui Kudo
[Dec-27-2023 21:14:47]Removing relationship between Cameron Fletcher and Ulan Lê
[Dec-27-2023 21:14:47]Removing pet relationship between Emilia Silversweater and Angel
[Dec-27-2023 21:14:47]Removing relationship between Emilia Silversweater and Lucha Harjo
[Dec-27-2023 21:14:47]Removing relationship between Emilia Silversweater and Hilary Laurent
[Dec-27-2023 21:14:47]Removing relationship between Emilia Silversweater and Faye Harris
[Dec-27-2023 21:14:47]Removing pet relationship between Simeon Silversweater and Angel
[Dec-27-2023 21:14:47]Removing pet relationship between Tomax Collette and Cutie
[Dec-27-2023 21:14:47]Removing relationship between Tomax Collette and Ian Robles
[Dec-27-2023 21:14:47]Removing relationship between Tomax Collette and Marcel Price
[Dec-27-2023 21:14:47]Removing pet relationship between Emi Collette and Cutie
[Dec-27-2023 21:14:47]Removing relationship between Emi Collette and Abi Peoples
[Dec-27-2023 21:14:47]Removing relationship between Emi Collette and Aoi Anansi
[Dec-27-2023 21:14:47]Removing pet relationship between Cletus Harris and Babe
[Dec-27-2023 21:14:47]Removing relationship between Faye Harris and Lucha Harjo
[Dec-27-2023 21:14:47]Removing relationship between Faye Harris and Hilary Laurent
[Dec-27-2023 21:14:47]Removing pet relationship between Gideon Harris and Babe
[Dec-27-2023 21:14:47]Removing relationship between Yasemin Tinker and Topher Wayan
[Dec-27-2023 21:14:47]Removing relationship between Jules Tracey and Kiana Pizzazz
[Dec-27-2023 21:14:47]Removing relationship between Jules Tracey and Doli Ruano
[Dec-27-2023 21:14:47]Removing relationship between Jules Tracey and Maki Okamoto
[Dec-27-2023 21:14:47]Removing relationship between Jules Tracey and Rahmi Watson
[Dec-27-2023 21:14:47]Removing relationship between Marissa Tracey and Fern Lê
[Dec-27-2023 21:14:47]Removing relationship between Marissa Tracey and Duy Hari
[Dec-27-2023 21:14:47]Removing relationship between Marissa Tracey and Kiana Pizzazz
[Dec-27-2023 21:14:47]Removing relationship between Marissa Tracey and Bua Bun Ma
[Dec-27-2023 21:14:47]Removing relationship between Marissa Tracey and Tsubasa Oaklow
[Dec-27-2023 21:14:47]Removing relationship between Marissa Tracey and Kiên Holiday
[Dec-27-2023 21:14:47]Removing relationship between Joaquin Pizzazz and Marissa Tracey
[Dec-27-2023 21:14:47]Removing relationship between Joaquin Pizzazz and Jules Tracey
[Dec-27-2023 21:14:47]Removing relationship between Joaquin Pizzazz and Thorne Bailey
[Dec-27-2023 21:14:47]Removing relationship between Joaquin Pizzazz and Mateo Markovic
[Dec-27-2023 21:14:47]Removing relationship between Joaquin Pizzazz and Brytani Cho
[Dec-27-2023 21:14:47]Removing relationship between Joaquin Pizzazz and Lucia Scott
[Dec-27-2023 21:14:47]Removing relationship between Joaquin Pizzazz and Baako Jang
[Dec-27-2023 21:14:47]Removing relationship between Joaquin Pizzazz and Candy Yamashita
[Dec-27-2023 21:14:47]Removing relationship between Joaquin Pizzazz and Faith Tracey
[Dec-27-2023 21:14:47]Removing relationship between Herman Pizzazz and Joaquin Pizzazz
[Dec-27-2023 21:14:47]Removing relationship between Herman Pizzazz and Marissa Tracey
[Dec-27-2023 21:14:47]Removing relationship between Herman Pizzazz and Jules Tracey
[Dec-27-2023 21:14:47]Removing relationship between Herman Pizzazz and Faith Tracey
[Dec-27-2023 21:14:47]Removing relationship between Penny Pizzazz and Kiyoshi Ito
[Dec-27-2023 21:14:47]Removing relationship between Penny Pizzazz and Becca Clarke
[Dec-27-2023 21:14:47]Removing relationship between Penny Pizzazz and Aurelio Robles
[Dec-27-2023 21:14:47]Removing relationship between Penny Pizzazz and Octavia Ito
[Dec-27-2023 21:14:47]Removing relationship between Penny Pizzazz and Marissa Tracey
[Dec-27-2023 21:14:47]Removing relationship between Penny Pizzazz and Jules Tracey
[Dec-27-2023 21:14:47]Removing relationship between Penny Pizzazz and Wolfgang Wilder
[Dec-27-2023 21:14:47]Removing relationship between Penny Pizzazz and Faith Tracey
[Dec-27-2023 21:14:47]Removing relationship between Faith Tracey and Kiana Pizzazz
[Dec-27-2023 21:14:47]Removing relationship between Naoki Ito and Bernice Talla
[Dec-27-2023 21:14:47]Removing relationship between Naoki Ito and Janae Price
[Dec-27-2023 21:14:47]Removing relationship between Megumi Ito and Bernice Talla
[Dec-27-2023 21:14:47]Removing relationship between Megumi Ito and Janae Price
[Dec-27-2023 21:14:47]Removing relationship between Kaori Nishidake and Wolfgang Wilder
[Dec-27-2023 21:14:47]Removing relationship between Minoru Imai and Kaye Imai
[Dec-27-2023 21:14:47]Removing relationship between Minoru Imai and Shea Imai
[Dec-27-2023 21:14:47]Removing relationship between Minoru Imai and Derrick Imai
[Dec-27-2023 21:14:47]Removing relationship between Minoru Imai and Takumi Al Arabi
[Dec-27-2023 21:14:47]Removing relationship between Rahmi Watson and Doli Ruano
[Dec-27-2023 21:14:47]Removing relationship between Rahmi Watson and Maki Okamoto
[Dec-27-2023 21:14:47]Removing relationship between Cecilia Kang and Alon Sadya
[Dec-27-2023 21:14:47]Removing relationship between Cecilia Kang and Kristopher Volkov
[Dec-27-2023 21:14:47]Removing relationship between Agnes Crumplebottom and Agatha Crumplebottom
[Dec-27-2023 21:14:47]Removing relationship between Hector Laurent and Jacob Laurent
[Dec-27-2023 21:14:47]Removing relationship between Hector Laurent and Marcos Laurent
[Dec-27-2023 21:14:47]Removing relationship between Hilary Laurent and Jacob Laurent
[Dec-27-2023 21:14:47]Removing relationship between Hilary Laurent and Lucha Harjo
[Dec-27-2023 21:14:47]Removing relationship between Jace Laurent and Jacob Laurent
[Dec-27-2023 21:14:47]Removing relationship between Jacob Laurent and Marcos Laurent
[Dec-27-2023 21:14:47]Removing relationship between Travis Scott and Grace Anansi
[Dec-27-2023 21:14:47]Removing relationship between Travis Scott and 
[Dec-27-2023 21:14:47]Removing relationship between Travis Scott and Kasem Bun Ma
[Dec-27-2023 21:14:47]Removing relationship between Travis Scott and Christopher Michaelson
[Dec-27-2023 21:14:47]Removing relationship between Travis Scott and Celeste Michaelson
[Dec-27-2023 21:14:47]Removing relationship between Travis Scott and Dirk Lynx
[Dec-27-2023 21:14:47]Removing relationship between Travis Scott and Akira Murakami
[Dec-27-2023 21:14:47]Removing relationship between Travis Scott and J Huntington III
[Dec-27-2023 21:14:47]Removing relationship between Janae Price and Lý Puri
[Dec-27-2023 21:14:47]Removing relationship between Janae Price and Kevin Puri
[Dec-27-2023 21:14:47]Removing relationship between Janae Price and Bernice Talla
[Dec-27-2023 21:14:47]Removing relationship between Marcel Price and Wayne Puri
[Dec-27-2023 21:14:47]Removing relationship between Marcel Price and Lý Puri
[Dec-27-2023 21:14:47]Removing relationship between Marcel Price and Kevin Puri
[Dec-27-2023 21:14:47]Removing relationship between Marcel Price and Ian Robles
[Dec-27-2023 21:14:47]Removing relationship between Jayden Price and Wayne Puri
[Dec-27-2023 21:14:47]Removing relationship between Jayden Price and Lý Puri
[Dec-27-2023 21:14:47]Removing relationship between Jayden Price and Kevin Puri
[Dec-27-2023 21:14:47]Removing relationship between Jillian Rasoya and Morgyn Rasoya
[Dec-27-2023 21:14:47]Removing relationship between Greyson Rasoya and Morgyn Rasoya
[Dec-27-2023 21:14:47]Removing relationship between Ashley Rasoya and Morgyn Rasoya
[Dec-27-2023 21:14:47]Removing relationship between Orson Rasoya and Ashley Rasoya
[Dec-27-2023 21:14:47]Removing relationship between Orson Rasoya and Greyson Rasoya
[Dec-27-2023 21:14:47]Removing relationship between Orson Rasoya and Jillian Rasoya
[Dec-27-2023 21:14:47]Removing relationship between Orson Rasoya and Leslie Rasoya
[Dec-27-2023 21:14:47]Removing pet relationship between Eloise Okamoto and Duchess
[Dec-27-2023 21:14:47]Removing pet relationship between Maki Okamoto and Duchess
[Dec-27-2023 21:14:47]Removing pet relationship between Stevie Okamoto and Duchess
[Dec-27-2023 21:14:47]Removing pet relationship between Kristian Okamoto and Duchess
[Dec-27-2023 21:14:47]Removing pet relationship between Lou Behr and Alric
[Dec-27-2023 21:14:47]Removing pet relationship between Yuki Behr and Alric
[Dec-27-2023 21:14:47]Removing relationship between Wolfgang Wilder and Marissa Tracey
[Dec-27-2023 21:14:47]Removing relationship between Wolfgang Wilder and Aurelio Robles
[Dec-27-2023 21:14:47]Removing relationship between Tân Wilder and Ánh Spencer
[Dec-27-2023 21:14:47]Removing relationship between Tân Wilder and Alab Yu
[Dec-27-2023 21:14:47]Removing relationship between Tân Wilder and Lan Markovic
[Dec-27-2023 21:14:47]Removing relationship between Tân Wilder and Mawar Sopha
[Dec-27-2023 21:14:47]Removing relationship between Tân Wilder and Jejomar Bunsi
[Dec-27-2023 21:14:47]Removing relationship between Tân Wilder and Swan Brown
[Dec-27-2023 21:14:47]Removing relationship between Ash Harjo and Dayna Harjo
[Dec-27-2023 21:14:47]Removing relationship between Ash Harjo and Jayla Harjo
[Dec-27-2023 21:14:47]Removing relationship between Ash Harjo and Tala Harjo
[Dec-27-2023 21:14:47]Removing relationship between Celeste Michaelson and 
[Dec-27-2023 21:14:47]Removing relationship between Celeste Michaelson and Kasem Bun Ma
[Dec-27-2023 21:14:47]Removing relationship between Christopher Michaelson and 
[Dec-27-2023 21:14:47]Removing relationship between Christopher Michaelson and Kasem Bun Ma
[Dec-27-2023 21:14:47]Removing relationship between Xochitl Luna and Tom Peeping
[Dec-27-2023 21:14:47]Removing relationship between Karmine Luna and Chelsie Luna
[Dec-27-2023 21:14:47]Removing pet relationship between Dani Saetang and Yogi
[Dec-27-2023 21:14:47]Removing relationship between Dani Saetang and Eka Saetang
[Dec-27-2023 21:14:47]Removing pet relationship between Eka Saetang and Yogi
[Dec-27-2023 21:14:47]Removing pet relationship between Citra Saetang and Yogi
[Dec-27-2023 21:14:47]Removing relationship between Arabella Grove and Anjelo Grove
[Dec-27-2023 21:14:47]Removing relationship between Colby Grove and Anjelo Grove
[Dec-27-2023 21:14:47]Removing relationship between Anjelo Grove and Wren Grove
[Dec-27-2023 21:14:47]Removing relationship between Kasem Bun Ma and Aoi Tanaka
[Dec-27-2023 21:14:47]Removing relationship between Kasem Bun Ma and 
[Dec-27-2023 21:14:47]Removing relationship between Nin Bun Ma and Aoi Tanaka
[Dec-27-2023 21:14:47]Removing relationship between Sud Bun Ma and Aoi Tanaka
[Dec-27-2023 21:14:47]Removing relationship between Nalani Tanaka and Sud Bun Ma
[Dec-27-2023 21:14:47]Removing relationship between Nalani Tanaka and Nin Bun Ma
[Dec-27-2023 21:14:47]Removing relationship between Nalani Tanaka and Kasem Bun Ma
[Dec-27-2023 21:14:47]Removing relationship between Kory Bun Ma and Aoi Tanaka
[Dec-27-2023 21:14:47]Removing relationship between Kory Bun Ma and Nalani Tanaka
[Dec-27-2023 21:14:47]Removing relationship between Aoi Tanaka and Minoru Imai
[Dec-27-2023 21:14:47]Removing relationship between Aoi Tanaka and Squirrel Torres
[Dec-27-2023 21:14:47]Removing relationship between Max Villareal and Siti Villareal
[Dec-27-2023 21:14:47]Removing relationship between Max Villareal and Yao Villareal
[Dec-27-2023 21:14:47]Removing relationship between Youssef Cho and Tya Li
[Dec-27-2023 21:14:47]Removing relationship between Brytani Cho and Mateo Markovic
[Dec-27-2023 21:14:47]Removing relationship between Brytani Cho and Lucia Scott
[Dec-27-2023 21:14:47]Removing relationship between Nan Luo and Kaden Collins
[Dec-27-2023 21:14:47]Removing relationship between Hào Luo and Kaden Collins
[Dec-27-2023 21:14:47]Removing relationship between Jejomar Bunsi and Ánh Spencer
[Dec-27-2023 21:14:47]Removing relationship between Jejomar Bunsi and Alab Yu
[Dec-27-2023 21:14:47]Removing relationship between Jejomar Bunsi and Lan Markovic
[Dec-27-2023 21:14:47]Removing relationship between Tsubasa Oaklow and Duy Hari
[Dec-27-2023 21:14:47]Removing relationship between Tsubasa Oaklow and Kiên Holiday
[Dec-27-2023 21:14:47]Removing relationship between Rory Oaklow and Jay Harjo
[Dec-27-2023 21:14:47]Removing relationship between Yao Sopha and Jett Sopha
[Dec-27-2023 21:14:47]Removing relationship between Yao Sopha and Abi Peoples
[Dec-27-2023 21:14:47]Removing relationship between Yao Sopha and Aoi Anansi
[Dec-27-2023 21:14:47]Removing relationship between Yao Sopha and Emi Collette
[Dec-27-2023 21:14:47]Removing relationship between Mawar Sopha and Ánh Spencer
[Dec-27-2023 21:14:47]Removing relationship between Mawar Sopha and Alab Yu
[Dec-27-2023 21:14:47]Removing relationship between Mawar Sopha and Lan Markovic
[Dec-27-2023 21:14:47]Removing relationship between Mawar Sopha and Jejomar Bunsi
[Dec-27-2023 21:14:47]Removing relationship between Mawar Sopha and Swan Brown
[Dec-27-2023 21:14:47]Removing relationship between Aditya McKinnon and Vanessa McKinnon
[Dec-27-2023 21:14:47]Removing relationship between Aditya McKinnon and Youssef Cho
[Dec-27-2023 21:14:47]Removing relationship between Aditya McKinnon and Tya Li
[Dec-27-2023 21:14:47]Removing relationship between Aditya McKinnon and Miho Murakami
[Dec-27-2023 21:14:47]Removing relationship between Aditya McKinnon and Kazuya Yamashita
[Dec-27-2023 21:14:47]Removing relationship between Jejomar Moyer and Darryl Moyer
[Dec-27-2023 21:14:47]Removing relationship between Jejomar Moyer and Vaea Torres
[Dec-27-2023 21:14:47]Removing relationship between Jejomar Moyer and Luz Uha
[Dec-27-2023 21:14:47]Removing relationship between Carla Robles and Simon Scott
[Dec-27-2023 21:14:47]Removing relationship between Aurelio Robles and Nathalie Robles
[Dec-27-2023 21:14:47]Removing relationship between Aurelio Robles and Marissa Tracey
[Dec-27-2023 21:14:47]Removing relationship between Galih Caliente and Nina Caliente
[Dec-27-2023 21:14:47]Removing relationship between Kiên Chaniago and Kyra Ngo
[Dec-27-2023 21:14:47]Removing relationship between Rusty McDowell and Dale McDowell
[Dec-27-2023 21:14:47]Removing relationship between Noah Arteaga and Gunther Munch
[Dec-27-2023 21:14:47]Removing relationship between Noah Arteaga and Kiyoshi Ito
[Dec-27-2023 21:14:47]Removing relationship between Noah Arteaga and Maaike Haas
[Dec-27-2023 21:14:47]Removing relationship between Noah Arteaga and Marissa Tracey
[Dec-27-2023 21:14:47]Removing relationship between Noah Arteaga and Octavia Ito
[Dec-27-2023 21:14:47]Removing relationship between Noah Arteaga and Aurelio Robles
[Dec-27-2023 21:14:47]Removing relationship between Noah Arteaga and Penny Pizzazz
[Dec-27-2023 21:14:47]Removing pet relationship between Noah Arteaga and Horchata
[Dec-27-2023 21:14:47]Removing relationship between Noah Arteaga and Wolfgang Wilder
[Dec-27-2023 21:14:47]Removing relationship between Lilith Vatore and Panya Li
[Dec-27-2023 21:14:47]Removing relationship between Ulan Lê and Yui Kudo
[Dec-27-2023 21:14:47]Removing relationship between Farhan Ichmawin and Arturo Ichmawin
[Dec-27-2023 21:14:47]Removing relationship between Rania Ichmawin and Kyra Ngo
[Dec-27-2023 21:14:47]Removing relationship between Rania Ichmawin and Squirrel Torres
[Dec-27-2023 21:14:47]Removing relationship between Rania Ichmawin and Aoi Tanaka
[Dec-27-2023 21:14:47]Removing relationship between Kayla Charm and Tom Peeping
[Dec-27-2023 21:14:47]Removing relationship between Kayla Charm and Xochitl Luna
[Dec-27-2023 21:14:47]Removing relationship between Kayla Charm and Oliana Illes
[Dec-27-2023 21:14:47]Removing relationship between Peppino Charm and Jonald Charm
[Dec-27-2023 21:14:47]Removing relationship between Cahyono Ngo and Matt Ngo
[Dec-27-2023 21:14:47]Removing relationship between Linda Eastwood and Fern Lê
[Dec-27-2023 21:14:47]Removing pet relationship between Takumi Al Arabi and Magoo
[Dec-27-2023 21:14:47]Removing pet relationship between Rachid Al Arabi and Magoo
[Dec-27-2023 21:14:47]Removing relationship between Ignacio Robles and Duy Hari
[Dec-27-2023 21:14:47]Removing relationship between Ignacio Robles and Bua Bun Ma
[Dec-27-2023 21:14:47]Removing relationship between Ignacio Robles and Tsubasa Oaklow
[Dec-27-2023 21:14:47]Removing relationship between Ignacio Robles and Marissa Tracey
[Dec-27-2023 21:14:47]Removing relationship between Ignacio Robles and Kiên Holiday
[Dec-27-2023 21:14:47]Removing pet relationship between Alab Yu and Asparagus
[Dec-27-2023 21:14:47]Removing pet relationship between Emory Yu and Asparagus
[Dec-27-2023 21:14:47]Removing relationship between Emory Yu and Alab Yu
[Dec-27-2023 21:14:47]Removing pet relationship between Ashlynn Yu and Asparagus
[Dec-27-2023 21:14:47]Removing relationship between Ashlynn Yu and Alab Yu
[Dec-27-2023 21:14:47]Removing pet relationship between Janelle Yu and Asparagus
[Dec-27-2023 21:14:47]Removing relationship between Bua Bun Ma and Duy Hari
[Dec-27-2023 21:14:47]Removing relationship between Bua Bun Ma and Tsubasa Oaklow
[Dec-27-2023 21:14:47]Removing relationship between Bua Bun Ma and Kiên Holiday
[Dec-27-2023 21:14:47]Removing relationship between Aoi Anansi and Abi Peoples
[Dec-27-2023 21:14:47]Removing relationship between Thorne Bailey and Mateo Markovic
[Dec-27-2023 21:14:47]Removing relationship between Thorne Bailey and Brytani Cho
[Dec-27-2023 21:14:47]Removing relationship between Thorne Bailey and Lucia Scott
[Dec-27-2023 21:14:47]Removing relationship between Doli Ruano and Maki Okamoto
[Dec-27-2023 21:14:47]Removing relationship between Kiyoshi Ito and Aurelio Robles
[Dec-27-2023 21:14:47]Removing relationship between Kiyoshi Ito and Marissa Tracey
[Dec-27-2023 21:14:47]Removing relationship between Kiyoshi Ito and Melvin Bailey
[Dec-27-2023 21:14:47]Removing relationship between Kiyoshi Ito and Marie Bailey
[Dec-27-2023 21:14:47]Removing relationship between Kiyoshi Ito and Wolfgang Wilder
[Dec-27-2023 21:14:47]Removing relationship between Orange Bailey-Moon and Kiyoshi Ito
[Dec-27-2023 21:14:47]Removing relationship between Octavia Ito and Aurelio Robles
[Dec-27-2023 21:14:47]Removing relationship between Octavia Ito and Wolfgang Wilder
[Dec-27-2023 21:14:47]Removing relationship between Octavia Ito and Ian Robles
[Dec-27-2023 21:14:47]Removing relationship between Octavia Ito and Marcel Price
[Dec-27-2023 21:14:47]Removing relationship between Octavia Ito and Tomax Collette
[Dec-27-2023 21:14:47]Removing relationship between Octavia Ito and Lia Munch
[Dec-27-2023 21:14:47]Removing relationship between Rahul Chopra and Vanesha Li
[Dec-27-2023 21:14:47]Removing relationship between Rashidah Watson and Zhafira Cahyaputri
[Dec-27-2023 21:14:47]Removing relationship between Duane Talla and Arnold Robles
[Dec-27-2023 21:14:47]Removing relationship between Dario Robles and Duane Talla
[Dec-27-2023 21:14:47]Removing relationship between Grace Anansi and Fern Lê
[Dec-27-2023 21:14:47]Removing relationship between Grace Anansi and Marissa Tracey
[Dec-27-2023 21:14:47]Removing relationship between Grace Anansi and 
[Dec-27-2023 21:14:47]Removing relationship between Grace Anansi and Kasem Bun Ma
[Dec-27-2023 21:14:47]Removing relationship between Grace Anansi and Christopher Michaelson
[Dec-27-2023 21:14:47]Removing relationship between Grace Anansi and Celeste Michaelson
[Dec-27-2023 21:14:47]Removing relationship between Zoe Spencer and Ross Spencer
[Dec-27-2023 21:14:47]Removing relationship between Ánh Spencer and Alondra Spencer
[Dec-27-2023 21:14:47]Removing relationship between Ánh Spencer and Alab Yu
[Dec-27-2023 21:14:47]Removing relationship between Umber Grove and Sergio Gillespie
[Dec-27-2023 21:14:47]Removing relationship between Gunther Munch and Aurelio Robles
[Dec-27-2023 21:14:47]Removing relationship between Gunther Munch and Ian Robles
[Dec-27-2023 21:14:47]Removing relationship between Gunther Munch and Octavia Ito
[Dec-27-2023 21:14:47]Removing relationship between Gunther Munch and Marcel Price
[Dec-27-2023 21:14:47]Removing relationship between Gunther Munch and Tomax Collette
[Dec-27-2023 21:14:47]Removing relationship between Gunther Munch and Lia Munch
[Dec-27-2023 21:14:47]Removing relationship between Gunther Munch and Salim Benali
[Dec-27-2023 21:14:47]Removing relationship between Lan Markovic and Ánh Spencer
[Dec-27-2023 21:14:47]Removing relationship between Lan Markovic and Alab Yu
[Dec-27-2023 21:14:47]Removing relationship between Darrel Nguyên and Bernice Talla
[Dec-27-2023 21:14:47]Removing relationship between Darrel Nguyên and Janae Price
[Dec-27-2023 21:14:47]Removing relationship between Darrel Nguyên and Megumi Ito
[Dec-27-2023 21:14:47]Removing relationship between Darrel Nguyên and Naoki Ito
[Dec-27-2023 21:14:47]Removing relationship between Kiên Holiday and Duy Hari
[Dec-27-2023 21:14:47]Removing relationship between Yui Kudo and Hinata Imai
[Dec-27-2023 21:14:47]Cleaned Relationships: 683
[Dec-27-2023 21:33:43]Erwin Pries has aged-up to Age.ADULT
[Dec-27-2023 21:33:49]Processing Relationship Break-ups
[Dec-27-2023 21:33:49]No changes to relationships for this relationship check
[Dec-27-2023 21:33:49]Processing Relationship Move-Ins
[Dec-27-2023 21:34:34]Autosave has occurred.  'MC Save 00001111' has been saved
[Dec-27-2023 21:36:37]Processing Relationship Break-ups
[Dec-27-2023 21:36:37]The relationship of Nalani Tanaka and Aoi Tanaka has declined by 10
[Dec-27-2023 21:36:37]Processing Relationship Move-Ins
[Dec-27-2023 21:36:38]Starbrite delivered 0 babies.
